2020-10-01T22:40:52+00:00 CRITICAL Uncaught Error: Class 'FileHelper' not found in /var/www/html/wp-content/themes/shopkit-child-flat/functions.php:174
Stack trace:
#0 /var/www/html/wp-includes/class-wp-hook.php(289): {closure}(Array, '18276', 'full')
#1 /var/www/html/wp-includes/plugin.php(206): WP_Hook->apply_filters(Array, Array)
#2 /var/www/html/wp-includes/media.php(993): apply_filters('wp_get_attachme...', Array, '18276', 'full', false)
#3 /var/www/html/wp-includes/media.php(1119): wp_get_attachment_image_src('18276', 'full', false)
#4 /var/www/html/wp-includes/general-template.php(929): wp_get_attachment_image_url('18276', 'full')
#5 /var/www/html/wp-includes/general-template.php(970): get_site_icon_url(512, '', 0)
#6 /var/www/html/wp-includes/general-template.php(3256): has_site_icon()
#7 /var/www/html/wp-includes/class-wp-hook.php(287): wp_site_icon('')
#8 /var/www/html/wp-includes/class-wp-hook.php(311): WP_Hook->apply_filters(NULL, Array)
#9 /var/www/html/wp-includes/plugin.php(478): WP_Hook->do_action(Array)
#10 /var/www/html/wp-ad in /var/www/html/wp-content/themes/shopkit-child-flat/functions.php on line 174

2020-10-01T22:40:53+00:00 CRITICAL Uncaught Error: Class 'FileHelper' not found in /var/www/html/wp-content/themes/shopkit-child-flat/functions.php:174
Stack trace:
#0 /var/www/html/wp-includes/class-wp-hook.php(289): {closure}(Array, '18276', 'full')
#1 /var/www/html/wp-includes/plugin.php(206): WP_Hook->apply_filters(Array, Array)
#2 /var/www/html/wp-includes/media.php(993): apply_filters('wp_get_attachme...', Array, '18276', 'full', false)
#3 /var/www/html/wp-includes/media.php(1119): wp_get_attachment_image_src('18276', 'full', false)
#4 /var/www/html/wp-includes/general-template.php(929): wp_get_attachment_image_url('18276', 'full')
#5 /var/www/html/wp-includes/general-template.php(970): get_site_icon_url(512, '', 0)
#6 /var/www/html/wp-includes/general-template.php(3256): has_site_icon()
#7 /var/www/html/wp-includes/class-wp-hook.php(287): wp_site_icon('')
#8 /var/www/html/wp-includes/class-wp-hook.php(311): WP_Hook->apply_filters(NULL, Array)
#9 /var/www/html/wp-includes/plugin.php(478): WP_Hook->do_action(Array)
#10 /var/www/html/wp-ad in /var/www/html/wp-content/themes/shopkit-child-flat/functions.php on line 174

2020-10-01T22:44:54+00:00 CRITICAL Uncaught Error: Class 'yii1\models\wc\Product' not found in /var/www/html/wp-content/themes/shopkit-child-flat/functions/product_empty_prices.php:9
Stack trace:
#0 /var/www/html/wp-includes/class-wp-hook.php(287): {closure}(true, Object(WC_Product_Simple))
#1 /var/www/html/wp-includes/plugin.php(206): WP_Hook->apply_filters(true, Array)
#2 /var/www/html/wp-content/plugins/woocommerce/includes/abstracts/abstract-wc-product.php(1543): apply_filters('woocommerce_is_...', true, Object(WC_Product_Simple))
#3 /var/www/html/wp-content/plugins/woocommerce/includes/wc-template-functions.php(678): WC_Product->is_purchasable()
#4 /var/www/html/wp-content/plugins/woocommerce/includes/wc-template-functions.php(719): wc_get_product_class(Array, Object(WC_Product_Simple))
#5 /var/www/html/wp-content/plugins/woocommerce/templates/content-product.php(27): wc_product_class('', Object(WC_Product_Simple))
#6 /var/www/html/wp-includes/template.php(732): require('/var/www/html/w...')
#7 /var/www/html/wp-content/plugins/woocommerce in /var/www/html/wp-content/themes/shopkit-child-flat/functions/product_empty_prices.php on line 9

2020-10-01T22:45:06+00:00 CRITICAL Uncaught Error: Cannot use object of type WP_Error as array in /var/www/html/wp-content/themes/shopkit-child-flat/functions/admin_dashboard.php:47
Stack trace:
#0 /var/www/html/wp-includes/class-wp-hook.php(287): {closure}('is_in_stock', 27632)
#1 /var/www/html/wp-includes/class-wp-hook.php(311): WP_Hook->apply_filters(NULL, Array)
#2 /var/www/html/wp-includes/plugin.php(478): WP_Hook->do_action(Array)
#3 /var/www/html/wp-admin/includes/class-wp-posts-list-table.php(1271): do_action('manage_product_...', 'is_in_stock', 27632)
#4 /var/www/html/wp-admin/includes/class-wp-list-table.php(1410): WP_Posts_List_Table->column_default(Object(WP_Post), 'is_in_stock')
#5 /var/www/html/wp-admin/includes/class-wp-posts-list-table.php(1304): WP_List_Table->single_row_columns(Object(WP_Post))
#6 /var/www/html/wp-admin/includes/class-wp-posts-list-table.php(751): WP_Posts_List_Table->single_row(Object(WP_Post), 0)
#7 /var/www/html/wp-admin/includes/class-wp-posts-list-table.php(728): WP_Posts_List_Table->_display_rows(Array, in /var/www/html/wp-content/themes/shopkit-child-flat/functions/admin_dashboard.php on line 47

2020-10-01T22:45:12+00:00 CRITICAL Uncaught Error: Cannot use object of type WP_Error as array in /var/www/html/wp-content/themes/shopkit-child-flat/functions/admin_dashboard.php:47
Stack trace:
#0 /var/www/html/wp-includes/class-wp-hook.php(287): {closure}('is_in_stock', 27632)
#1 /var/www/html/wp-includes/class-wp-hook.php(311): WP_Hook->apply_filters(NULL, Array)
#2 /var/www/html/wp-includes/plugin.php(478): WP_Hook->do_action(Array)
#3 /var/www/html/wp-admin/includes/class-wp-posts-list-table.php(1271): do_action('manage_product_...', 'is_in_stock', 27632)
#4 /var/www/html/wp-admin/includes/class-wp-list-table.php(1410): WP_Posts_List_Table->column_default(Object(WP_Post), 'is_in_stock')
#5 /var/www/html/wp-admin/includes/class-wp-posts-list-table.php(1304): WP_List_Table->single_row_columns(Object(WP_Post))
#6 /var/www/html/wp-admin/includes/class-wp-posts-list-table.php(751): WP_Posts_List_Table->single_row(Object(WP_Post), 0)
#7 /var/www/html/wp-admin/includes/class-wp-posts-list-table.php(728): WP_Posts_List_Table->_display_rows(Array, in /var/www/html/wp-content/themes/shopkit-child-flat/functions/admin_dashboard.php on line 47

2020-10-01T22:45:27+00:00 CRITICAL Uncaught Error: Cannot use object of type WP_Error as array in /var/www/html/wp-content/themes/shopkit-child-flat/functions/admin_dashboard.php:47
Stack trace:
#0 /var/www/html/wp-includes/class-wp-hook.php(287): {closure}('is_in_stock', 27632)
#1 /var/www/html/wp-includes/class-wp-hook.php(311): WP_Hook->apply_filters(NULL, Array)
#2 /var/www/html/wp-includes/plugin.php(478): WP_Hook->do_action(Array)
#3 /var/www/html/wp-admin/includes/class-wp-posts-list-table.php(1271): do_action('manage_product_...', 'is_in_stock', 27632)
#4 /var/www/html/wp-admin/includes/class-wp-list-table.php(1410): WP_Posts_List_Table->column_default(Object(WP_Post), 'is_in_stock')
#5 /var/www/html/wp-admin/includes/class-wp-posts-list-table.php(1304): WP_List_Table->single_row_columns(Object(WP_Post))
#6 /var/www/html/wp-admin/includes/class-wp-posts-list-table.php(751): WP_Posts_List_Table->single_row(Object(WP_Post), 0)
#7 /var/www/html/wp-admin/includes/class-wp-posts-list-table.php(728): WP_Posts_List_Table->_display_rows(Array, in /var/www/html/wp-content/themes/shopkit-child-flat/functions/admin_dashboard.php on line 47

2020-10-01T22:45:34+00:00 CRITICAL Uncaught Error: Class 'yii1\models\wc\Product' not found in /var/www/html/wp-content/themes/shopkit-child-flat/functions/product_empty_prices.php:30
Stack trace:
#0 /var/www/html/wp-includes/class-wp-hook.php(287): {closure}('<span class="wo...', Object(WC_Product_Simple))
#1 /var/www/html/wp-includes/plugin.php(206): WP_Hook->apply_filters('<span class="wo...', Array)
#2 /var/www/html/wp-content/plugins/woocommerce/includes/abstracts/abstract-wc-product.php(1803): apply_filters('woocommerce_get...', '<span class="wo...', Object(WC_Product_Simple))
#3 /var/www/html/wp-content/plugins/woocommerce/includes/admin/list-tables/class-wc-admin-list-table-products.php(216): WC_Product->get_price_html()
#4 /var/www/html/wp-content/plugins/woocommerce/includes/admin/list-tables/abstract-class-wc-admin-list-table.php(261): WC_Admin_List_Table_Products->render_price_column()
#5 /var/www/html/wp-includes/class-wp-hook.php(287): WC_Admin_List_Table->render_columns('price', 27632)
#6 /var/www/html/wp-includes/class-wp-hook. in /var/www/html/wp-content/themes/shopkit-child-flat/functions/product_empty_prices.php on line 30

2020-10-01T22:45:49+00:00 CRITICAL Uncaught Error: Class 'yii1\models\wc\Product' not found in /var/www/html/wp-content/themes/shopkit-child-flat/functions/product_empty_prices.php:30
Stack trace:
#0 /var/www/html/wp-includes/class-wp-hook.php(287): {closure}('<span class="wo...', Object(WC_Product_Simple))
#1 /var/www/html/wp-includes/plugin.php(206): WP_Hook->apply_filters('<span class="wo...', Array)
#2 /var/www/html/wp-content/plugins/woocommerce/includes/abstracts/abstract-wc-product.php(1803): apply_filters('woocommerce_get...', '<span class="wo...', Object(WC_Product_Simple))
#3 /var/www/html/wp-content/plugins/woocommerce/includes/admin/list-tables/class-wc-admin-list-table-products.php(216): WC_Product->get_price_html()
#4 /var/www/html/wp-content/plugins/woocommerce/includes/admin/list-tables/abstract-class-wc-admin-list-table.php(261): WC_Admin_List_Table_Products->render_price_column()
#5 /var/www/html/wp-includes/class-wp-hook.php(287): WC_Admin_List_Table->render_columns('price', 27632)
#6 /var/www/html/wp-includes/class-wp-hook. in /var/www/html/wp-content/themes/shopkit-child-flat/functions/product_empty_prices.php on line 30

2020-10-01T22:45:54+00:00 CRITICAL Uncaught Error: Class 'yii1\models\wc\Product' not found in /var/www/html/wp-content/themes/shopkit-child-flat/functions/product_empty_prices.php:9
Stack trace:
#0 /var/www/html/wp-includes/class-wp-hook.php(287): {closure}(true, Object(WC_Product_Simple))
#1 /var/www/html/wp-includes/plugin.php(206): WP_Hook->apply_filters(true, Array)
#2 /var/www/html/wp-content/plugins/woocommerce/includes/abstracts/abstract-wc-product.php(1543): apply_filters('woocommerce_is_...', true, Object(WC_Product_Simple))
#3 /var/www/html/wp-content/plugins/woocommerce/includes/wc-template-functions.php(678): WC_Product->is_purchasable()
#4 /var/www/html/wp-content/plugins/woocommerce/includes/wc-template-functions.php(719): wc_get_product_class(Array, Object(WC_Product_Simple))
#5 /var/www/html/wp-content/plugins/woocommerce/templates/content-product.php(27): wc_product_class('', Object(WC_Product_Simple))
#6 /var/www/html/wp-includes/template.php(732): require('/var/www/html/w...')
#7 /var/www/html/wp-content/plugins/woocommerce in /var/www/html/wp-content/themes/shopkit-child-flat/functions/product_empty_prices.php on line 9

2020-10-01T22:46:05+00:00 CRITICAL Uncaught Error: Cannot use object of type WP_Error as array in /var/www/html/wp-content/themes/shopkit-child-flat/functions/admin_dashboard.php:47
Stack trace:
#0 /var/www/html/wp-includes/class-wp-hook.php(287): {closure}('is_in_stock', 27632)
#1 /var/www/html/wp-includes/class-wp-hook.php(311): WP_Hook->apply_filters(NULL, Array)
#2 /var/www/html/wp-includes/plugin.php(478): WP_Hook->do_action(Array)
#3 /var/www/html/wp-admin/includes/class-wp-posts-list-table.php(1271): do_action('manage_product_...', 'is_in_stock', 27632)
#4 /var/www/html/wp-admin/includes/class-wp-list-table.php(1410): WP_Posts_List_Table->column_default(Object(WP_Post), 'is_in_stock')
#5 /var/www/html/wp-admin/includes/class-wp-posts-list-table.php(1304): WP_List_Table->single_row_columns(Object(WP_Post))
#6 /var/www/html/wp-admin/includes/class-wp-posts-list-table.php(751): WP_Posts_List_Table->single_row(Object(WP_Post), 0)
#7 /var/www/html/wp-admin/includes/class-wp-posts-list-table.php(728): WP_Posts_List_Table->_display_rows(Array, in /var/www/html/wp-content/themes/shopkit-child-flat/functions/admin_dashboard.php on line 47

2020-10-01T22:46:17+00:00 CRITICAL Uncaught Error: Cannot use object of type WP_Error as array in /var/www/html/wp-content/themes/shopkit-child-flat/functions/admin_dashboard.php:47
Stack trace:
#0 /var/www/html/wp-includes/class-wp-hook.php(287): {closure}('is_in_stock', 27632)
#1 /var/www/html/wp-includes/class-wp-hook.php(311): WP_Hook->apply_filters(NULL, Array)
#2 /var/www/html/wp-includes/plugin.php(478): WP_Hook->do_action(Array)
#3 /var/www/html/wp-admin/includes/class-wp-posts-list-table.php(1271): do_action('manage_product_...', 'is_in_stock', 27632)
#4 /var/www/html/wp-admin/includes/class-wp-list-table.php(1410): WP_Posts_List_Table->column_default(Object(WP_Post), 'is_in_stock')
#5 /var/www/html/wp-admin/includes/class-wp-posts-list-table.php(1304): WP_List_Table->single_row_columns(Object(WP_Post))
#6 /var/www/html/wp-admin/includes/class-wp-posts-list-table.php(751): WP_Posts_List_Table->single_row(Object(WP_Post), 0)
#7 /var/www/html/wp-admin/includes/class-wp-posts-list-table.php(728): WP_Posts_List_Table->_display_rows(Array, in /var/www/html/wp-content/themes/shopkit-child-flat/functions/admin_dashboard.php on line 47

2020-10-01T22:46:38+00:00 CRITICAL Uncaught Error: Cannot use object of type WP_Error as array in /var/www/html/wp-content/themes/shopkit-child-flat/functions/admin_dashboard.php:47
Stack trace:
#0 /var/www/html/wp-includes/class-wp-hook.php(287): {closure}('is_in_stock', 27632)
#1 /var/www/html/wp-includes/class-wp-hook.php(311): WP_Hook->apply_filters(NULL, Array)
#2 /var/www/html/wp-includes/plugin.php(478): WP_Hook->do_action(Array)
#3 /var/www/html/wp-admin/includes/class-wp-posts-list-table.php(1271): do_action('manage_product_...', 'is_in_stock', 27632)
#4 /var/www/html/wp-admin/includes/class-wp-list-table.php(1410): WP_Posts_List_Table->column_default(Object(WP_Post), 'is_in_stock')
#5 /var/www/html/wp-admin/includes/class-wp-posts-list-table.php(1304): WP_List_Table->single_row_columns(Object(WP_Post))
#6 /var/www/html/wp-admin/includes/class-wp-posts-list-table.php(751): WP_Posts_List_Table->single_row(Object(WP_Post), 0)
#7 /var/www/html/wp-admin/includes/class-wp-posts-list-table.php(728): WP_Posts_List_Table->_display_rows(Array, in /var/www/html/wp-content/themes/shopkit-child-flat/functions/admin_dashboard.php on line 47

2020-10-01T22:46:48+00:00 CRITICAL Uncaught Error: Cannot use object of type WP_Error as array in /var/www/html/wp-content/themes/shopkit-child-flat/functions/admin_dashboard.php:47
Stack trace:
#0 /var/www/html/wp-includes/class-wp-hook.php(287): {closure}('is_in_stock', 27632)
#1 /var/www/html/wp-includes/class-wp-hook.php(311): WP_Hook->apply_filters(NULL, Array)
#2 /var/www/html/wp-includes/plugin.php(478): WP_Hook->do_action(Array)
#3 /var/www/html/wp-admin/includes/class-wp-posts-list-table.php(1271): do_action('manage_product_...', 'is_in_stock', 27632)
#4 /var/www/html/wp-admin/includes/class-wp-list-table.php(1410): WP_Posts_List_Table->column_default(Object(WP_Post), 'is_in_stock')
#5 /var/www/html/wp-admin/includes/class-wp-posts-list-table.php(1304): WP_List_Table->single_row_columns(Object(WP_Post))
#6 /var/www/html/wp-admin/includes/class-wp-posts-list-table.php(751): WP_Posts_List_Table->single_row(Object(WP_Post), 0)
#7 /var/www/html/wp-admin/includes/class-wp-posts-list-table.php(728): WP_Posts_List_Table->_display_rows(Array, in /var/www/html/wp-content/themes/shopkit-child-flat/functions/admin_dashboard.php on line 47

2020-10-01T22:46:56+00:00 CRITICAL Uncaught Error: Cannot use object of type WP_Error as array in /var/www/html/wp-content/themes/shopkit-child-flat/functions/admin_dashboard.php:47
Stack trace:
#0 /var/www/html/wp-includes/class-wp-hook.php(287): {closure}('is_in_stock', 27632)
#1 /var/www/html/wp-includes/class-wp-hook.php(311): WP_Hook->apply_filters(NULL, Array)
#2 /var/www/html/wp-includes/plugin.php(478): WP_Hook->do_action(Array)
#3 /var/www/html/wp-admin/includes/class-wp-posts-list-table.php(1271): do_action('manage_product_...', 'is_in_stock', 27632)
#4 /var/www/html/wp-admin/includes/class-wp-list-table.php(1410): WP_Posts_List_Table->column_default(Object(WP_Post), 'is_in_stock')
#5 /var/www/html/wp-admin/includes/class-wp-posts-list-table.php(1304): WP_List_Table->single_row_columns(Object(WP_Post))
#6 /var/www/html/wp-admin/includes/class-wp-posts-list-table.php(751): WP_Posts_List_Table->single_row(Object(WP_Post), 0)
#7 /var/www/html/wp-admin/includes/class-wp-posts-list-table.php(728): WP_Posts_List_Table->_display_rows(Array, in /var/www/html/wp-content/themes/shopkit-child-flat/functions/admin_dashboard.php on line 47

2020-10-01T22:47:04+00:00 CRITICAL Uncaught Error: Cannot use object of type WP_Error as array in /var/www/html/wp-content/themes/shopkit-child-flat/functions/admin_dashboard.php:47
Stack trace:
#0 /var/www/html/wp-includes/class-wp-hook.php(287): {closure}('is_in_stock', 27632)
#1 /var/www/html/wp-includes/class-wp-hook.php(311): WP_Hook->apply_filters(NULL, Array)
#2 /var/www/html/wp-includes/plugin.php(478): WP_Hook->do_action(Array)
#3 /var/www/html/wp-admin/includes/class-wp-posts-list-table.php(1271): do_action('manage_product_...', 'is_in_stock', 27632)
#4 /var/www/html/wp-admin/includes/class-wp-list-table.php(1410): WP_Posts_List_Table->column_default(Object(WP_Post), 'is_in_stock')
#5 /var/www/html/wp-admin/includes/class-wp-posts-list-table.php(1304): WP_List_Table->single_row_columns(Object(WP_Post))
#6 /var/www/html/wp-admin/includes/class-wp-posts-list-table.php(751): WP_Posts_List_Table->single_row(Object(WP_Post), 0)
#7 /var/www/html/wp-admin/includes/class-wp-posts-list-table.php(728): WP_Posts_List_Table->_display_rows(Array, in /var/www/html/wp-content/themes/shopkit-child-flat/functions/admin_dashboard.php on line 47

2020-10-01T22:47:12+00:00 CRITICAL Uncaught Error: Cannot use object of type WP_Error as array in /var/www/html/wp-content/themes/shopkit-child-flat/functions/admin_dashboard.php:47
Stack trace:
#0 /var/www/html/wp-includes/class-wp-hook.php(287): {closure}('is_in_stock', 27632)
#1 /var/www/html/wp-includes/class-wp-hook.php(311): WP_Hook->apply_filters(NULL, Array)
#2 /var/www/html/wp-includes/plugin.php(478): WP_Hook->do_action(Array)
#3 /var/www/html/wp-admin/includes/class-wp-posts-list-table.php(1271): do_action('manage_product_...', 'is_in_stock', 27632)
#4 /var/www/html/wp-admin/includes/class-wp-list-table.php(1410): WP_Posts_List_Table->column_default(Object(WP_Post), 'is_in_stock')
#5 /var/www/html/wp-admin/includes/class-wp-posts-list-table.php(1304): WP_List_Table->single_row_columns(Object(WP_Post))
#6 /var/www/html/wp-admin/includes/class-wp-posts-list-table.php(751): WP_Posts_List_Table->single_row(Object(WP_Post), 0)
#7 /var/www/html/wp-admin/includes/class-wp-posts-list-table.php(728): WP_Posts_List_Table->_display_rows(Array, in /var/www/html/wp-content/themes/shopkit-child-flat/functions/admin_dashboard.php on line 47

2020-10-01T22:47:24+00:00 CRITICAL Uncaught Error: Cannot use object of type WP_Error as array in /var/www/html/wp-content/themes/shopkit-child-flat/functions/admin_dashboard.php:47
Stack trace:
#0 /var/www/html/wp-includes/class-wp-hook.php(287): {closure}('is_in_stock', 27632)
#1 /var/www/html/wp-includes/class-wp-hook.php(311): WP_Hook->apply_filters(NULL, Array)
#2 /var/www/html/wp-includes/plugin.php(478): WP_Hook->do_action(Array)
#3 /var/www/html/wp-admin/includes/class-wp-posts-list-table.php(1271): do_action('manage_product_...', 'is_in_stock', 27632)
#4 /var/www/html/wp-admin/includes/class-wp-list-table.php(1410): WP_Posts_List_Table->column_default(Object(WP_Post), 'is_in_stock')
#5 /var/www/html/wp-admin/includes/class-wp-posts-list-table.php(1304): WP_List_Table->single_row_columns(Object(WP_Post))
#6 /var/www/html/wp-admin/includes/class-wp-posts-list-table.php(751): WP_Posts_List_Table->single_row(Object(WP_Post), 0)
#7 /var/www/html/wp-admin/includes/class-wp-posts-list-table.php(728): WP_Posts_List_Table->_display_rows(Array, in /var/www/html/wp-content/themes/shopkit-child-flat/functions/admin_dashboard.php on line 47

2020-10-01T22:47:37+00:00 CRITICAL Uncaught Error: Cannot use object of type WP_Error as array in /var/www/html/wp-content/themes/shopkit-child-flat/functions/admin_dashboard.php:47
Stack trace:
#0 /var/www/html/wp-includes/class-wp-hook.php(287): {closure}('is_in_stock', 27632)
#1 /var/www/html/wp-includes/class-wp-hook.php(311): WP_Hook->apply_filters(NULL, Array)
#2 /var/www/html/wp-includes/plugin.php(478): WP_Hook->do_action(Array)
#3 /var/www/html/wp-admin/includes/class-wp-posts-list-table.php(1271): do_action('manage_product_...', 'is_in_stock', 27632)
#4 /var/www/html/wp-admin/includes/class-wp-list-table.php(1410): WP_Posts_List_Table->column_default(Object(WP_Post), 'is_in_stock')
#5 /var/www/html/wp-admin/includes/class-wp-posts-list-table.php(1304): WP_List_Table->single_row_columns(Object(WP_Post))
#6 /var/www/html/wp-admin/includes/class-wp-posts-list-table.php(751): WP_Posts_List_Table->single_row(Object(WP_Post), 0)
#7 /var/www/html/wp-admin/includes/class-wp-posts-list-table.php(728): WP_Posts_List_Table->_display_rows(Array, in /var/www/html/wp-content/themes/shopkit-child-flat/functions/admin_dashboard.php on line 47

2020-10-01T22:47:40+00:00 CRITICAL Uncaught Error: Cannot use object of type WP_Error as array in /var/www/html/wp-content/themes/shopkit-child-flat/functions/admin_dashboard.php:47
Stack trace:
#0 /var/www/html/wp-includes/class-wp-hook.php(287): {closure}('is_in_stock', 27632)
#1 /var/www/html/wp-includes/class-wp-hook.php(311): WP_Hook->apply_filters(NULL, Array)
#2 /var/www/html/wp-includes/plugin.php(478): WP_Hook->do_action(Array)
#3 /var/www/html/wp-admin/includes/class-wp-posts-list-table.php(1271): do_action('manage_product_...', 'is_in_stock', 27632)
#4 /var/www/html/wp-admin/includes/class-wp-list-table.php(1410): WP_Posts_List_Table->column_default(Object(WP_Post), 'is_in_stock')
#5 /var/www/html/wp-admin/includes/class-wp-posts-list-table.php(1304): WP_List_Table->single_row_columns(Object(WP_Post))
#6 /var/www/html/wp-admin/includes/class-wp-posts-list-table.php(751): WP_Posts_List_Table->single_row(Object(WP_Post), 0)
#7 /var/www/html/wp-admin/includes/class-wp-posts-list-table.php(728): WP_Posts_List_Table->_display_rows(Array, in /var/www/html/wp-content/themes/shopkit-child-flat/functions/admin_dashboard.php on line 47

2020-10-01T22:47:48+00:00 CRITICAL Uncaught Error: Cannot use object of type WP_Error as array in /var/www/html/wp-content/themes/shopkit-child-flat/functions/admin_dashboard.php:47
Stack trace:
#0 /var/www/html/wp-includes/class-wp-hook.php(287): {closure}('is_in_stock', 27632)
#1 /var/www/html/wp-includes/class-wp-hook.php(311): WP_Hook->apply_filters(NULL, Array)
#2 /var/www/html/wp-includes/plugin.php(478): WP_Hook->do_action(Array)
#3 /var/www/html/wp-admin/includes/class-wp-posts-list-table.php(1271): do_action('manage_product_...', 'is_in_stock', 27632)
#4 /var/www/html/wp-admin/includes/class-wp-list-table.php(1410): WP_Posts_List_Table->column_default(Object(WP_Post), 'is_in_stock')
#5 /var/www/html/wp-admin/includes/class-wp-posts-list-table.php(1304): WP_List_Table->single_row_columns(Object(WP_Post))
#6 /var/www/html/wp-admin/includes/class-wp-posts-list-table.php(751): WP_Posts_List_Table->single_row(Object(WP_Post), 0)
#7 /var/www/html/wp-admin/includes/class-wp-posts-list-table.php(728): WP_Posts_List_Table->_display_rows(Array, in /var/www/html/wp-content/themes/shopkit-child-flat/functions/admin_dashboard.php on line 47

2020-10-01T22:47:50+00:00 CRITICAL Uncaught Error: Cannot use object of type WP_Error as array in /var/www/html/wp-content/themes/shopkit-child-flat/functions/admin_dashboard.php:47
Stack trace:
#0 /var/www/html/wp-includes/class-wp-hook.php(287): {closure}('is_in_stock', 27632)
#1 /var/www/html/wp-includes/class-wp-hook.php(311): WP_Hook->apply_filters(NULL, Array)
#2 /var/www/html/wp-includes/plugin.php(478): WP_Hook->do_action(Array)
#3 /var/www/html/wp-admin/includes/class-wp-posts-list-table.php(1271): do_action('manage_product_...', 'is_in_stock', 27632)
#4 /var/www/html/wp-admin/includes/class-wp-list-table.php(1410): WP_Posts_List_Table->column_default(Object(WP_Post), 'is_in_stock')
#5 /var/www/html/wp-admin/includes/class-wp-posts-list-table.php(1304): WP_List_Table->single_row_columns(Object(WP_Post))
#6 /var/www/html/wp-admin/includes/class-wp-posts-list-table.php(751): WP_Posts_List_Table->single_row(Object(WP_Post), 0)
#7 /var/www/html/wp-admin/includes/class-wp-posts-list-table.php(728): WP_Posts_List_Table->_display_rows(Array, in /var/www/html/wp-content/themes/shopkit-child-flat/functions/admin_dashboard.php on line 47

2020-10-01T22:48:01+00:00 CRITICAL Uncaught Error: Cannot use object of type WP_Error as array in /var/www/html/wp-content/themes/shopkit-child-flat/functions/admin_dashboard.php:47
Stack trace:
#0 /var/www/html/wp-includes/class-wp-hook.php(287): {closure}('is_in_stock', 27632)
#1 /var/www/html/wp-includes/class-wp-hook.php(311): WP_Hook->apply_filters(NULL, Array)
#2 /var/www/html/wp-includes/plugin.php(478): WP_Hook->do_action(Array)
#3 /var/www/html/wp-admin/includes/class-wp-posts-list-table.php(1271): do_action('manage_product_...', 'is_in_stock', 27632)
#4 /var/www/html/wp-admin/includes/class-wp-list-table.php(1410): WP_Posts_List_Table->column_default(Object(WP_Post), 'is_in_stock')
#5 /var/www/html/wp-admin/includes/class-wp-posts-list-table.php(1304): WP_List_Table->single_row_columns(Object(WP_Post))
#6 /var/www/html/wp-admin/includes/class-wp-posts-list-table.php(751): WP_Posts_List_Table->single_row(Object(WP_Post), 0)
#7 /var/www/html/wp-admin/includes/class-wp-posts-list-table.php(728): WP_Posts_List_Table->_display_rows(Array, in /var/www/html/wp-content/themes/shopkit-child-flat/functions/admin_dashboard.php on line 47

2020-10-01T22:48:37+00:00 CRITICAL Uncaught Error: Class 'yii1\models\wc\Product' not found in /var/www/html/wp-content/themes/shopkit-child-flat/functions/product_empty_prices.php:30
Stack trace:
#0 /var/www/html/wp-includes/class-wp-hook.php(287): {closure}('<span class="wo...', Object(WC_Product_Simple))
#1 /var/www/html/wp-includes/plugin.php(206): WP_Hook->apply_filters('<span class="wo...', Array)
#2 /var/www/html/wp-content/plugins/woocommerce/includes/abstracts/abstract-wc-product.php(1803): apply_filters('woocommerce_get...', '<span class="wo...', Object(WC_Product_Simple))
#3 /var/www/html/wp-content/plugins/woocommerce/includes/admin/list-tables/class-wc-admin-list-table-products.php(216): WC_Product->get_price_html()
#4 /var/www/html/wp-content/plugins/woocommerce/includes/admin/list-tables/abstract-class-wc-admin-list-table.php(261): WC_Admin_List_Table_Products->render_price_column()
#5 /var/www/html/wp-includes/class-wp-hook.php(287): WC_Admin_List_Table->render_columns('price', 27632)
#6 /var/www/html/wp-includes/class-wp-hook. in /var/www/html/wp-content/themes/shopkit-child-flat/functions/product_empty_prices.php on line 30

2020-10-01T22:49:09+00:00 CRITICAL Uncaught Error: Class 'yii1\models\wc\Product' not found in /var/www/html/wp-content/themes/shopkit-child-flat/functions/product_empty_prices.php:30
Stack trace:
#0 /var/www/html/wp-includes/class-wp-hook.php(287): {closure}('<span class="wo...', Object(WC_Product_Simple))
#1 /var/www/html/wp-includes/plugin.php(206): WP_Hook->apply_filters('<span class="wo...', Array)
#2 /var/www/html/wp-content/plugins/woocommerce/includes/abstracts/abstract-wc-product.php(1803): apply_filters('woocommerce_get...', '<span class="wo...', Object(WC_Product_Simple))
#3 /var/www/html/wp-content/plugins/woocommerce/includes/admin/list-tables/class-wc-admin-list-table-products.php(216): WC_Product->get_price_html()
#4 /var/www/html/wp-content/plugins/woocommerce/includes/admin/list-tables/abstract-class-wc-admin-list-table.php(261): WC_Admin_List_Table_Products->render_price_column()
#5 /var/www/html/wp-includes/class-wp-hook.php(287): WC_Admin_List_Table->render_columns('price', 27632)
#6 /var/www/html/wp-includes/class-wp-hook. in /var/www/html/wp-content/themes/shopkit-child-flat/functions/product_empty_prices.php on line 30

2020-10-01T22:49:27+00:00 CRITICAL Uncaught Error: Class 'yii1\models\wc\Product' not found in /var/www/html/wp-content/themes/shopkit-child-flat/functions/product_empty_prices.php:30
Stack trace:
#0 /var/www/html/wp-includes/class-wp-hook.php(287): {closure}('<span class="wo...', Object(WC_Product_Simple))
#1 /var/www/html/wp-includes/plugin.php(206): WP_Hook->apply_filters('<span class="wo...', Array)
#2 /var/www/html/wp-content/plugins/woocommerce/includes/abstracts/abstract-wc-product.php(1803): apply_filters('woocommerce_get...', '<span class="wo...', Object(WC_Product_Simple))
#3 /var/www/html/wp-content/plugins/woocommerce/includes/admin/list-tables/class-wc-admin-list-table-products.php(216): WC_Product->get_price_html()
#4 /var/www/html/wp-content/plugins/woocommerce/includes/admin/list-tables/abstract-class-wc-admin-list-table.php(261): WC_Admin_List_Table_Products->render_price_column()
#5 /var/www/html/wp-includes/class-wp-hook.php(287): WC_Admin_List_Table->render_columns('price', 27632)
#6 /var/www/html/wp-includes/class-wp-hook. in /var/www/html/wp-content/themes/shopkit-child-flat/functions/product_empty_prices.php on line 30

2020-10-01T22:50:01+00:00 CRITICAL Uncaught Error: Class 'yii1\models\wc\Product' not found in /var/www/html/wp-content/themes/shopkit-child-flat/functions/product_empty_prices.php:30
Stack trace:
#0 /var/www/html/wp-includes/class-wp-hook.php(287): {closure}('<span class="wo...', Object(WC_Product_Simple))
#1 /var/www/html/wp-includes/plugin.php(206): WP_Hook->apply_filters('<span class="wo...', Array)
#2 /var/www/html/wp-content/plugins/woocommerce/includes/abstracts/abstract-wc-product.php(1803): apply_filters('woocommerce_get...', '<span class="wo...', Object(WC_Product_Simple))
#3 /var/www/html/wp-content/plugins/woocommerce/includes/admin/list-tables/class-wc-admin-list-table-products.php(216): WC_Product->get_price_html()
#4 /var/www/html/wp-content/plugins/woocommerce/includes/admin/list-tables/abstract-class-wc-admin-list-table.php(261): WC_Admin_List_Table_Products->render_price_column()
#5 /var/www/html/wp-includes/class-wp-hook.php(287): WC_Admin_List_Table->render_columns('price', 27632)
#6 /var/www/html/wp-includes/class-wp-hook. in /var/www/html/wp-content/themes/shopkit-child-flat/functions/product_empty_prices.php on line 30

2020-10-01T22:50:09+00:00 CRITICAL Uncaught Error: Class 'yii1\models\wc\Product' not found in /var/www/html/wp-content/themes/shopkit-child-flat/functions/product_empty_prices.php:30
Stack trace:
#0 /var/www/html/wp-includes/class-wp-hook.php(287): {closure}('<span class="wo...', Object(WC_Product_Simple))
#1 /var/www/html/wp-includes/plugin.php(206): WP_Hook->apply_filters('<span class="wo...', Array)
#2 /var/www/html/wp-content/plugins/woocommerce/includes/abstracts/abstract-wc-product.php(1803): apply_filters('woocommerce_get...', '<span class="wo...', Object(WC_Product_Simple))
#3 /var/www/html/wp-content/plugins/woocommerce/includes/admin/list-tables/class-wc-admin-list-table-products.php(216): WC_Product->get_price_html()
#4 /var/www/html/wp-content/plugins/woocommerce/includes/admin/list-tables/abstract-class-wc-admin-list-table.php(261): WC_Admin_List_Table_Products->render_price_column()
#5 /var/www/html/wp-includes/class-wp-hook.php(287): WC_Admin_List_Table->render_columns('price', 27632)
#6 /var/www/html/wp-includes/class-wp-hook. in /var/www/html/wp-content/themes/shopkit-child-flat/functions/product_empty_prices.php on line 30

2020-10-01T22:50:13+00:00 CRITICAL Uncaught Error: Class 'yii1\models\wc\Product' not found in /var/www/html/wp-content/themes/shopkit-child-flat/functions/product_empty_prices.php:30
Stack trace:
#0 /var/www/html/wp-includes/class-wp-hook.php(287): {closure}('<span class="wo...', Object(WC_Product_Simple))
#1 /var/www/html/wp-includes/plugin.php(206): WP_Hook->apply_filters('<span class="wo...', Array)
#2 /var/www/html/wp-content/plugins/woocommerce/includes/abstracts/abstract-wc-product.php(1803): apply_filters('woocommerce_get...', '<span class="wo...', Object(WC_Product_Simple))
#3 /var/www/html/wp-content/plugins/woocommerce/includes/admin/list-tables/class-wc-admin-list-table-products.php(216): WC_Product->get_price_html()
#4 /var/www/html/wp-content/plugins/woocommerce/includes/admin/list-tables/abstract-class-wc-admin-list-table.php(261): WC_Admin_List_Table_Products->render_price_column()
#5 /var/www/html/wp-includes/class-wp-hook.php(287): WC_Admin_List_Table->render_columns('price', 27632)
#6 /var/www/html/wp-includes/class-wp-hook. in /var/www/html/wp-content/themes/shopkit-child-flat/functions/product_empty_prices.php on line 30

2020-10-01T22:50:21+00:00 CRITICAL Uncaught Error: Class 'yii1\models\wc\Product' not found in /var/www/html/wp-content/themes/shopkit-child-flat/functions/product_empty_prices.php:30
Stack trace:
#0 /var/www/html/wp-includes/class-wp-hook.php(287): {closure}('<span class="wo...', Object(WC_Product_Simple))
#1 /var/www/html/wp-includes/plugin.php(206): WP_Hook->apply_filters('<span class="wo...', Array)
#2 /var/www/html/wp-content/plugins/woocommerce/includes/abstracts/abstract-wc-product.php(1803): apply_filters('woocommerce_get...', '<span class="wo...', Object(WC_Product_Simple))
#3 /var/www/html/wp-content/plugins/woocommerce/includes/admin/list-tables/class-wc-admin-list-table-products.php(216): WC_Product->get_price_html()
#4 /var/www/html/wp-content/plugins/woocommerce/includes/admin/list-tables/abstract-class-wc-admin-list-table.php(261): WC_Admin_List_Table_Products->render_price_column()
#5 /var/www/html/wp-includes/class-wp-hook.php(287): WC_Admin_List_Table->render_columns('price', 27632)
#6 /var/www/html/wp-includes/class-wp-hook. in /var/www/html/wp-content/themes/shopkit-child-flat/functions/product_empty_prices.php on line 30

2020-10-01T22:50:26+00:00 CRITICAL Uncaught Error: Class 'yii1\models\wc\Product' not found in /var/www/html/wp-content/themes/shopkit-child-flat/functions/product_empty_prices.php:30
Stack trace:
#0 /var/www/html/wp-includes/class-wp-hook.php(287): {closure}('<span class="wo...', Object(WC_Product_Simple))
#1 /var/www/html/wp-includes/plugin.php(206): WP_Hook->apply_filters('<span class="wo...', Array)
#2 /var/www/html/wp-content/plugins/woocommerce/includes/abstracts/abstract-wc-product.php(1803): apply_filters('woocommerce_get...', '<span class="wo...', Object(WC_Product_Simple))
#3 /var/www/html/wp-content/plugins/woocommerce/includes/admin/list-tables/class-wc-admin-list-table-products.php(216): WC_Product->get_price_html()
#4 /var/www/html/wp-content/plugins/woocommerce/includes/admin/list-tables/abstract-class-wc-admin-list-table.php(261): WC_Admin_List_Table_Products->render_price_column()
#5 /var/www/html/wp-includes/class-wp-hook.php(287): WC_Admin_List_Table->render_columns('price', 27632)
#6 /var/www/html/wp-includes/class-wp-hook. in /var/www/html/wp-content/themes/shopkit-child-flat/functions/product_empty_prices.php on line 30

2020-10-01T22:50:29+00:00 CRITICAL Uncaught Error: Class 'yii1\models\wc\Product' not found in /var/www/html/wp-content/themes/shopkit-child-flat/functions/product_empty_prices.php:30
Stack trace:
#0 /var/www/html/wp-includes/class-wp-hook.php(287): {closure}('<span class="wo...', Object(WC_Product_Simple))
#1 /var/www/html/wp-includes/plugin.php(206): WP_Hook->apply_filters('<span class="wo...', Array)
#2 /var/www/html/wp-content/plugins/woocommerce/includes/abstracts/abstract-wc-product.php(1803): apply_filters('woocommerce_get...', '<span class="wo...', Object(WC_Product_Simple))
#3 /var/www/html/wp-content/plugins/woocommerce/includes/admin/list-tables/class-wc-admin-list-table-products.php(216): WC_Product->get_price_html()
#4 /var/www/html/wp-content/plugins/woocommerce/includes/admin/list-tables/abstract-class-wc-admin-list-table.php(261): WC_Admin_List_Table_Products->render_price_column()
#5 /var/www/html/wp-includes/class-wp-hook.php(287): WC_Admin_List_Table->render_columns('price', 27632)
#6 /var/www/html/wp-includes/class-wp-hook. in /var/www/html/wp-content/themes/shopkit-child-flat/functions/product_empty_prices.php on line 30

2020-10-01T22:57:29+00:00 CRITICAL Uncaught Error: Class 'StockStatus' not found in /var/www/html/wp-content/themes/shopkit-child-flat/functions.php:71
Stack trace:
#0 /var/www/html/wp-includes/class-wp-hook.php(287): {closure}('')
#1 /var/www/html/wp-includes/class-wp-hook.php(311): WP_Hook->apply_filters('', Array)
#2 /var/www/html/wp-includes/plugin.php(478): WP_Hook->do_action(Array)
#3 /var/www/html/wp-content/plugins/woocommerce/templates/content-product.php(57): do_action('woocommerce_aft...')
#4 /var/www/html/wp-includes/template.php(732): require('/var/www/html/w...')
#5 /var/www/html/wp-content/plugins/woocommerce/includes/wc-core-functions.php(283): load_template('/var/www/html/w...', false)
#6 /var/www/html/wp-content/plugins/woocommerce/includes/shortcodes/class-wc-shortcode-products.php(660): wc_get_template_part('content', 'product')
#7 /var/www/html/wp-content/plugins/woocommerce/includes/shortcodes/class-wc-shortcode-products.php(100): WC_Shortcode_Products->product_loop()
#8 /var/www/html/wp-content/plugins/woocommerce/includ in /var/www/html/wp-content/themes/shopkit-child-flat/functions.php on line 71

2020-10-01T23:07:00+00:00 CRITICAL Uncaught Error: Class 'yii1\models\wc\Product' not found in /var/www/html/wp-content/themes/shopkit-child-flat/functions/product_empty_prices.php:9
Stack trace:
#0 /var/www/html/wp-includes/class-wp-hook.php(287): {closure}(true, Object(WC_Product_Simple))
#1 /var/www/html/wp-includes/plugin.php(206): WP_Hook->apply_filters(true, Array)
#2 /var/www/html/wp-content/plugins/woocommerce/includes/abstracts/abstract-wc-product.php(1543): apply_filters('woocommerce_is_...', true, Object(WC_Product_Simple))
#3 /var/www/html/wp-content/plugins/woocommerce/includes/wc-template-functions.php(678): WC_Product->is_purchasable()
#4 /var/www/html/wp-content/plugins/woocommerce/includes/wc-template-functions.php(719): wc_get_product_class(Array, Object(WC_Product_Simple))
#5 /var/www/html/wp-content/plugins/woocommerce/templates/content-product.php(27): wc_product_class('', Object(WC_Product_Simple))
#6 /var/www/html/wp-includes/template.php(732): require('/var/www/html/w...')
#7 /var/www/html/wp-content/plugins/woocommerce in /var/www/html/wp-content/themes/shopkit-child-flat/functions/product_empty_prices.php on line 9

2020-10-01T23:07:07+00:00 CRITICAL Uncaught Error: Class 'yii1\models\wc\Product' not found in /var/www/html/wp-content/themes/shopkit-child-flat/functions/product_empty_prices.php:9
Stack trace:
#0 /var/www/html/wp-includes/class-wp-hook.php(287): {closure}(true, Object(WC_Product_Simple))
#1 /var/www/html/wp-includes/plugin.php(206): WP_Hook->apply_filters(true, Array)
#2 /var/www/html/wp-content/plugins/woocommerce/includes/abstracts/abstract-wc-product.php(1543): apply_filters('woocommerce_is_...', true, Object(WC_Product_Simple))
#3 /var/www/html/wp-content/plugins/woocommerce/includes/wc-template-functions.php(678): WC_Product->is_purchasable()
#4 /var/www/html/wp-content/plugins/woocommerce/includes/wc-template-functions.php(719): wc_get_product_class(Array, Object(WC_Product_Simple))
#5 /var/www/html/wp-content/plugins/woocommerce/templates/content-product.php(27): wc_product_class('', Object(WC_Product_Simple))
#6 /var/www/html/wp-includes/template.php(732): require('/var/www/html/w...')
#7 /var/www/html/wp-content/plugins/woocommerce in /var/www/html/wp-content/themes/shopkit-child-flat/functions/product_empty_prices.php on line 9

2020-10-01T23:07:11+00:00 CRITICAL Uncaught Error: Class 'yii1\models\wc\Product' not found in /var/www/html/wp-content/themes/shopkit-child-flat/functions/product_empty_prices.php:9
Stack trace:
#0 /var/www/html/wp-includes/class-wp-hook.php(287): {closure}(true, Object(WC_Product_Simple))
#1 /var/www/html/wp-includes/plugin.php(206): WP_Hook->apply_filters(true, Array)
#2 /var/www/html/wp-content/plugins/woocommerce/includes/abstracts/abstract-wc-product.php(1543): apply_filters('woocommerce_is_...', true, Object(WC_Product_Simple))
#3 /var/www/html/wp-content/plugins/woocommerce/includes/wc-template-functions.php(678): WC_Product->is_purchasable()
#4 /var/www/html/wp-content/plugins/woocommerce/includes/wc-template-functions.php(719): wc_get_product_class(Array, Object(WC_Product_Simple))
#5 /var/www/html/wp-content/plugins/woocommerce/templates/content-product.php(27): wc_product_class('', Object(WC_Product_Simple))
#6 /var/www/html/wp-includes/template.php(732): require('/var/www/html/w...')
#7 /var/www/html/wp-content/plugins/woocommerce in /var/www/html/wp-content/themes/shopkit-child-flat/functions/product_empty_prices.php on line 9

2020-10-01T23:07:13+00:00 CRITICAL Uncaught Error: Class 'yii1\models\wc\Product' not found in /var/www/html/wp-content/themes/shopkit-child-flat/functions/product_empty_prices.php:9
Stack trace:
#0 /var/www/html/wp-includes/class-wp-hook.php(287): {closure}(true, Object(WC_Product_Simple))
#1 /var/www/html/wp-includes/plugin.php(206): WP_Hook->apply_filters(true, Array)
#2 /var/www/html/wp-content/plugins/woocommerce/includes/abstracts/abstract-wc-product.php(1543): apply_filters('woocommerce_is_...', true, Object(WC_Product_Simple))
#3 /var/www/html/wp-content/plugins/woocommerce/includes/wc-template-functions.php(678): WC_Product->is_purchasable()
#4 /var/www/html/wp-content/plugins/woocommerce/includes/wc-template-functions.php(719): wc_get_product_class(Array, Object(WC_Product_Simple))
#5 /var/www/html/wp-content/plugins/woocommerce/templates/content-product.php(27): wc_product_class('', Object(WC_Product_Simple))
#6 /var/www/html/wp-includes/template.php(732): require('/var/www/html/w...')
#7 /var/www/html/wp-content/plugins/woocommerce in /var/www/html/wp-content/themes/shopkit-child-flat/functions/product_empty_prices.php on line 9

2020-10-01T23:07:39+00:00 CRITICAL Uncaught Error: Class 'yii1\models\wc\Product' not found in /var/www/html/wp-content/themes/shopkit-child-flat/functions/product_empty_prices.php:9
Stack trace:
#0 /var/www/html/wp-includes/class-wp-hook.php(287): {closure}(true, Object(WC_Product_Simple))
#1 /var/www/html/wp-includes/plugin.php(206): WP_Hook->apply_filters(true, Array)
#2 /var/www/html/wp-content/plugins/woocommerce/includes/abstracts/abstract-wc-product.php(1543): apply_filters('woocommerce_is_...', true, Object(WC_Product_Simple))
#3 /var/www/html/wp-content/plugins/woocommerce/includes/wc-template-functions.php(678): WC_Product->is_purchasable()
#4 /var/www/html/wp-content/plugins/woocommerce/includes/wc-template-functions.php(719): wc_get_product_class(Array, Object(WC_Product_Simple))
#5 /var/www/html/wp-content/plugins/woocommerce/templates/content-product.php(27): wc_product_class('', Object(WC_Product_Simple))
#6 /var/www/html/wp-includes/template.php(732): require('/var/www/html/w...')
#7 /var/www/html/wp-content/plugins/woocommerce in /var/www/html/wp-content/themes/shopkit-child-flat/functions/product_empty_prices.php on line 9

2020-10-01T23:07:56+00:00 CRITICAL Uncaught Error: Class 'yii1\models\wc\Product' not found in /var/www/html/wp-content/themes/shopkit-child-flat/functions/product_empty_prices.php:9
Stack trace:
#0 /var/www/html/wp-includes/class-wp-hook.php(287): {closure}(true, Object(WC_Product_Simple))
#1 /var/www/html/wp-includes/plugin.php(206): WP_Hook->apply_filters(true, Array)
#2 /var/www/html/wp-content/plugins/woocommerce/includes/abstracts/abstract-wc-product.php(1543): apply_filters('woocommerce_is_...', true, Object(WC_Product_Simple))
#3 /var/www/html/wp-content/plugins/woocommerce/includes/wc-template-functions.php(678): WC_Product->is_purchasable()
#4 /var/www/html/wp-content/plugins/woocommerce/includes/wc-template-functions.php(719): wc_get_product_class(Array, Object(WC_Product_Simple))
#5 /var/www/html/wp-content/plugins/woocommerce/templates/content-product.php(27): wc_product_class('', Object(WC_Product_Simple))
#6 /var/www/html/wp-includes/template.php(732): require('/var/www/html/w...')
#7 /var/www/html/wp-content/plugins/woocommerce in /var/www/html/wp-content/themes/shopkit-child-flat/functions/product_empty_prices.php on line 9

2020-10-01T23:08:19+00:00 CRITICAL Uncaught Error: Class 'StockStatus' not found in /var/www/html/wp-content/themes/shopkit-child-flat/functions.php:71
Stack trace:
#0 /var/www/html/wp-includes/class-wp-hook.php(287): {closure}('')
#1 /var/www/html/wp-includes/class-wp-hook.php(311): WP_Hook->apply_filters('', Array)
#2 /var/www/html/wp-includes/plugin.php(478): WP_Hook->do_action(Array)
#3 /var/www/html/wp-content/plugins/woocommerce/templates/content-product.php(57): do_action('woocommerce_aft...')
#4 /var/www/html/wp-includes/template.php(732): require('/var/www/html/w...')
#5 /var/www/html/wp-content/plugins/woocommerce/includes/wc-core-functions.php(283): load_template('/var/www/html/w...', false)
#6 /var/www/html/wp-content/plugins/woocommerce/templates/archive-product.php(70): wc_get_template_part('content', 'product')
#7 /var/www/html/wp-content/plugins/woocommerce/includes/wc-core-functions.php(344): include('/var/www/html/w...')
#8 /var/www/html/wp-content/plugins/woocommerce/templates/taxonomy-product_cat.php(22): wc_get_template('a in /var/www/html/wp-content/themes/shopkit-child-flat/functions.php on line 71

2020-10-01T23:08:26+00:00 CRITICAL Uncaught Error: Class 'StockStatus' not found in /var/www/html/wp-content/themes/shopkit-child-flat/functions.php:71
Stack trace:
#0 /var/www/html/wp-includes/class-wp-hook.php(287): {closure}('')
#1 /var/www/html/wp-includes/class-wp-hook.php(311): WP_Hook->apply_filters('', Array)
#2 /var/www/html/wp-includes/plugin.php(478): WP_Hook->do_action(Array)
#3 /var/www/html/wp-content/plugins/woocommerce/templates/content-product.php(57): do_action('woocommerce_aft...')
#4 /var/www/html/wp-includes/template.php(732): require('/var/www/html/w...')
#5 /var/www/html/wp-content/plugins/woocommerce/includes/wc-core-functions.php(283): load_template('/var/www/html/w...', false)
#6 /var/www/html/wp-content/plugins/woocommerce/includes/shortcodes/class-wc-shortcode-products.php(660): wc_get_template_part('content', 'product')
#7 /var/www/html/wp-content/plugins/woocommerce/includes/shortcodes/class-wc-shortcode-products.php(100): WC_Shortcode_Products->product_loop()
#8 /var/www/html/wp-content/plugins/woocommerce/includ in /var/www/html/wp-content/themes/shopkit-child-flat/functions.php on line 71

2020-10-01T23:08:31+00:00 CRITICAL Uncaught Error: Class 'StockStatus' not found in /var/www/html/wp-content/themes/shopkit-child-flat/functions.php:71
Stack trace:
#0 /var/www/html/wp-includes/class-wp-hook.php(287): {closure}('')
#1 /var/www/html/wp-includes/class-wp-hook.php(311): WP_Hook->apply_filters('', Array)
#2 /var/www/html/wp-includes/plugin.php(478): WP_Hook->do_action(Array)
#3 /var/www/html/wp-content/plugins/woocommerce/templates/content-product.php(57): do_action('woocommerce_aft...')
#4 /var/www/html/wp-includes/template.php(732): require('/var/www/html/w...')
#5 /var/www/html/wp-content/plugins/woocommerce/includes/wc-core-functions.php(283): load_template('/var/www/html/w...', false)
#6 /var/www/html/wp-content/plugins/woocommerce/includes/shortcodes/class-wc-shortcode-products.php(660): wc_get_template_part('content', 'product')
#7 /var/www/html/wp-content/plugins/woocommerce/includes/shortcodes/class-wc-shortcode-products.php(100): WC_Shortcode_Products->product_loop()
#8 /var/www/html/wp-content/plugins/woocommerce/includ in /var/www/html/wp-content/themes/shopkit-child-flat/functions.php on line 71

2020-10-01T23:08:43+00:00 CRITICAL Uncaught Error: Class 'yii1\models\wc\Product' not found in /var/www/html/wp-content/themes/shopkit-child-flat/functions/product_empty_prices.php:9
Stack trace:
#0 /var/www/html/wp-includes/class-wp-hook.php(287): {closure}(true, Object(WC_Product_Simple))
#1 /var/www/html/wp-includes/plugin.php(206): WP_Hook->apply_filters(true, Array)
#2 /var/www/html/wp-content/plugins/woocommerce/includes/abstracts/abstract-wc-product.php(1543): apply_filters('woocommerce_is_...', true, Object(WC_Product_Simple))
#3 /var/www/html/wp-content/plugins/woocommerce/includes/wc-template-functions.php(678): WC_Product->is_purchasable()
#4 /var/www/html/wp-content/plugins/woocommerce/includes/wc-template-functions.php(719): wc_get_product_class(Array, Object(WC_Product_Simple))
#5 /var/www/html/wp-content/plugins/woocommerce/templates/content-product.php(27): wc_product_class('', Object(WC_Product_Simple))
#6 /var/www/html/wp-includes/template.php(732): require('/var/www/html/w...')
#7 /var/www/html/wp-content/plugins/woocommerce in /var/www/html/wp-content/themes/shopkit-child-flat/functions/product_empty_prices.php on line 9

2020-10-01T23:10:33+00:00 CRITICAL Uncaught Error: Class 'yii1\models\wc\Product' not found in /var/www/html/wp-content/themes/shopkit-child-flat/functions/product_empty_prices.php:9
Stack trace:
#0 /var/www/html/wp-includes/class-wp-hook.php(287): {closure}(true, Object(WC_Product_Simple))
#1 /var/www/html/wp-includes/plugin.php(206): WP_Hook->apply_filters(true, Array)
#2 /var/www/html/wp-content/plugins/woocommerce/includes/abstracts/abstract-wc-product.php(1543): apply_filters('woocommerce_is_...', true, Object(WC_Product_Simple))
#3 /var/www/html/wp-content/plugins/woocommerce/includes/wc-template-functions.php(678): WC_Product->is_purchasable()
#4 /var/www/html/wp-content/plugins/woocommerce/includes/wc-template-functions.php(719): wc_get_product_class(Array, Object(WC_Product_Simple))
#5 /var/www/html/wp-content/plugins/woocommerce/templates/content-product.php(27): wc_product_class('', Object(WC_Product_Simple))
#6 /var/www/html/wp-includes/template.php(732): require('/var/www/html/w...')
#7 /var/www/html/wp-content/plugins/woocommerce in /var/www/html/wp-content/themes/shopkit-child-flat/functions/product_empty_prices.php on line 9

2020-10-01T23:11:44+00:00 CRITICAL Uncaught Error: Class 'yii1\models\wc\Product' not found in /var/www/html/wp-content/themes/shopkit-child-flat/functions/product_empty_prices.php:9
Stack trace:
#0 /var/www/html/wp-includes/class-wp-hook.php(287): {closure}(true, Object(WC_Product_Simple))
#1 /var/www/html/wp-includes/plugin.php(206): WP_Hook->apply_filters(true, Array)
#2 /var/www/html/wp-content/plugins/woocommerce/includes/abstracts/abstract-wc-product.php(1543): apply_filters('woocommerce_is_...', true, Object(WC_Product_Simple))
#3 /var/www/html/wp-content/plugins/woocommerce/includes/wc-template-functions.php(678): WC_Product->is_purchasable()
#4 /var/www/html/wp-content/plugins/woocommerce/includes/wc-template-functions.php(719): wc_get_product_class(Array, Object(WC_Product_Simple))
#5 /var/www/html/wp-content/plugins/woocommerce/templates/content-product.php(27): wc_product_class('', Object(WC_Product_Simple))
#6 /var/www/html/wp-includes/template.php(732): require('/var/www/html/w...')
#7 /var/www/html/wp-content/plugins/woocommerce in /var/www/html/wp-content/themes/shopkit-child-flat/functions/product_empty_prices.php on line 9

2020-10-01T23:14:52+00:00 CRITICAL Uncaught Error: Class 'yii1\models\wc\Product' not found in /var/www/html/wp-content/themes/shopkit-child-flat/functions/product_empty_prices.php:30
Stack trace:
#0 /var/www/html/wp-includes/class-wp-hook.php(287): {closure}('<span class="wo...', Object(WC_Product_Simple))
#1 /var/www/html/wp-includes/plugin.php(206): WP_Hook->apply_filters('<span class="wo...', Array)
#2 /var/www/html/wp-content/plugins/woocommerce/includes/abstracts/abstract-wc-product.php(1803): apply_filters('woocommerce_get...', '<span class="wo...', Object(WC_Product_Simple))
#3 /var/www/html/wp-content/plugins/woocommerce/includes/admin/list-tables/class-wc-admin-list-table-products.php(216): WC_Product->get_price_html()
#4 /var/www/html/wp-content/plugins/woocommerce/includes/admin/list-tables/abstract-class-wc-admin-list-table.php(261): WC_Admin_List_Table_Products->render_price_column()
#5 /var/www/html/wp-includes/class-wp-hook.php(287): WC_Admin_List_Table->render_columns('price', 27632)
#6 /var/www/html/wp-includes/class-wp-hook. in /var/www/html/wp-content/themes/shopkit-child-flat/functions/product_empty_prices.php on line 30

